<?xml version="1.0" encoding="UTF-8"?>
<testsuite xmlns:xsi="http://www.w3.org/2001/XMLSchema-instance" xsi:noNamespaceSchemaLocation="https://maven.apache.org/surefire/maven-surefire-plugin/xsd/surefire-test-report.xsd" name="project2.BranchCovTest" time="14.616" tests="12" errors="0" skipped="0" failures="0">
  <properties>
[...]
</properties>
  <testcase name="getmainErr" classname="project2.BranchCovTest" time="0.004"/>
  <testcase name="getmainErr2" classname="project2.BranchCovTest" time="0"/>
  <testcase name="getmainErr3" classname="project2.BranchCovTest" time="0"/>
  <testcase name="getmainErr4" classname="project2.BranchCovTest" time="0.001"/>
  <testcase name="getmainErr5" classname="project2.BranchCovTest" time="0"/>
  <testcase name="getmainTest" classname="project2.BranchCovTest" time="1.843"/>
  <testcase name="getmainTest2" classname="project2.BranchCovTest" time="3.494"/>
  <testcase name="getmainTest3" classname="project2.BranchCovTest" time="0.993"/>
  <testcase name="getmainTest4" classname="project2.BranchCovTest" time="2.36"/>
  <testcase name="getmainTest5" classname="project2.BranchCovTest" time="2.121"/>
  <testcase name="getmainTest6" classname="project2.BranchCovTest" time="1.695"/>
  <testcase name="getmainTest7" classname="project2.BranchCovTest" time="2.073"/>
</testsuite>