<?xml version="1.0" encoding="UTF-8" standalone="yes"?><!DOCTYPE report PUBLIC "-//JACOCO//DTD Report 1.1//EN" "report.dtd"><report name="project"><sessioninfo id="6af74634be5a-f05989a0" start="1620029609747" dump="1620029650656"/><sessioninfo id="6af74634be5a-4864290f" start="1620030167304" dump="1620030197245"/><sessioninfo id="6af74634be5a-eda6e59" start="1620030249609" dump="1620030282963"/><sessioninfo id="83b26dd8c541-852353f" start="1620032045405" dump="1620032065755"/><package name="project2"><class name="project2/Recommend" sourcefilename="Recommend.java"><method name="&lt;init&gt;" desc="()V" line="14"><counter type="INSTRUCTION" missed="0" covered="3"/><counter type="LINE" missed="0" covered="1"/><counter type="COMPLEXITY" missed="0" covered="1"/><counter type="METHOD" missed="0" covered="1"/></method><method name="main" desc="([Ljava/lang/String;)V" line="36"><counter type="INSTRUCTION" missed="14" covered="1113"/><counter type="BRANCH" missed="14" covered="168"/><counter type="LINE" missed="6" covered="249"/><counter type="COMPLEXITY" missed="14" covered="78"/><counter type="METHOD" missed="0" covered="1"/></method><method name="&lt;clinit&gt;" desc="()V" line="16"><counter type="INSTRUCTION" missed="0" covered="163"/><counter type="LINE" missed="0" covered="2"/><counter type="COMPLEXITY" missed="0" covered="1"/><counter type="METHOD" missed="0" covered="1"/></method><counter type="INSTRUCTION" missed="14" covered="1279"/><counter type="BRANCH" missed="14" covered="168"/><counter type="LINE" missed="6" covered="252"/><counter type="COMPLEXITY" missed="14" covered="80"/><counter type="METHOD" missed="0" covered="3"/><counter type="CLASS" missed="0" covered="1"/></class><class name="project2/Recommend$1" sourcefilename="Recommend.java"><method name="&lt;init&gt;" desc="()V" line="247"><counter type="INSTRUCTION" missed="0" covered="3"/><counter type="LINE" missed="0" covered="1"/><counter type="COMPLEXITY" missed="0" covered="1"/><counter type="METHOD" missed="0" covered="1"/></method><method name="compare" desc="([D[D)I" line="249"><counter type="INSTRUCTION" missed="0" covered="24"/><counter type="BRANCH" missed="0" covered="2"/><counter type="LINE" missed="0" covered="3"/><counter type="COMPLEXITY" missed="0" covered="2"/><counter type="METHOD" missed="0" covered="1"/></method><counter type="INSTRUCTION" missed="0" covered="27"/><counter type="BRANCH" missed="0" covered="2"/><counter type="LINE" missed="0" covered="4"/><counter type="COMPLEXITY" missed="0" covered="3"/><counter type="METHOD" missed="0" covered="2"/><counter type="CLASS" missed="0" covered="1"/></class><sourcefile name="Recommend.java"><line nr="14" mi="0" ci="3" mb="0" cb="0"/><line nr="16" mi="0" ci="87" mb="0" cb="0"/><line nr="22" mi="0" ci="76" mb="0" cb="0"/><line nr="36" mi="0" ci="4" mb="0" cb="2"/><line nr="37" mi="0" ci="3" mb="0" cb="0"/><line nr="38" mi="0" ci="1" mb="0" cb="0"/><line nr="41" mi="0" ci="4" mb="0" cb="0"/><line nr="42" mi="0" ci="2" mb="0" cb="0"/><line nr="43" mi="0" ci="5" mb="0" cb="2"/><line nr="44" mi="0" ci="5" mb="0" cb="0"/><line nr="45" mi="0" ci="4" mb="0" cb="0"/><line nr="46" mi="0" ci="2" mb="0" cb="0"/><line nr="47" mi="0" ci="4" mb="1" cb="1"/><line nr="48" mi="0" ci="4" mb="0" cb="0"/><line nr="50" mi="0" ci="2" mb="0" cb="0"/><line nr="51" mi="0" ci="2" mb="0" cb="0"/><line nr="52" mi="0" ci="2" mb="0" cb="0"/><line nr="53" mi="0" ci="2" mb="0" cb="0"/><line nr="55" mi="0" ci="5" mb="0" cb="2"/><line nr="56" mi="0" ci="2" mb="0" cb="0"/><line nr="57" mi="0" ci="5" mb="0" cb="2"/><line nr="58" mi="0" ci="2" mb="0" cb="0"/><line nr="59" mi="0" ci="5" mb="0" cb="2"/><line nr="60" mi="0" ci="2" mb="0" cb="0"/><line nr="61" mi="0" ci="4" mb="1" cb="1"/><line nr="62" mi="0" ci="5" mb="0" cb="2"/><line nr="63" mi="0" ci="2" mb="0" cb="0"/><line nr="67" mi="0" ci="2" mb="0" cb="2"/><line nr="68" mi="0" ci="8" mb="1" cb="3"/><line nr="69" mi="0" ci="3" mb="0" cb="0"/><line nr="70" mi="0" ci="1" mb="0" cb="0"/><line nr="75" mi="0" ci="2" mb="1" cb="1"/><line nr="76" mi="0" ci="2" mb="0" cb="2"/><line nr="77" mi="0" ci="3" mb="0" cb="0"/><line nr="78" mi="0" ci="1" mb="0" cb="0"/><line nr="83" mi="0" ci="2" mb="0" cb="2"/><line nr="84" mi="0" ci="2" mb="0" cb="0"/><line nr="85" mi="0" ci="16" mb="0" cb="2"/><line nr="86" mi="0" ci="4" mb="0" cb="2"/><line nr="87" mi="0" ci="4" mb="0" cb="0"/><line nr="88" mi="0" ci="16" mb="0" cb="2"/><line nr="89" mi="0" ci="4" mb="0" cb="2"/><line nr="90" mi="0" ci="2" mb="0" cb="0"/><line nr="91" mi="0" ci="1" mb="0" cb="0"/><line nr="94" mi="0" ci="1" mb="0" cb="0"/><line nr="95" mi="0" ci="4" mb="0" cb="2"/><line nr="96" mi="0" ci="2" mb="0" cb="0"/><line nr="98" mi="0" ci="2" mb="0" cb="2"/><line nr="99" mi="0" ci="1" mb="0" cb="0"/><line nr="101" mi="0" ci="2" mb="0" cb="2"/><line nr="102" mi="0" ci="3" mb="0" cb="0"/><line nr="103" mi="0" ci="1" mb="0" cb="0"/><line nr="108" mi="0" ci="2" mb="0" cb="2"/><line nr="109" mi="0" ci="2" mb="0" cb="0"/><line nr="110" mi="0" ci="4" mb="0" cb="2"/><line nr="111" mi="0" ci="4" mb="0" cb="0"/><line nr="112" mi="0" ci="16" mb="0" cb="2"/><line nr="113" mi="0" ci="2" mb="0" cb="0"/><line nr="114" mi="0" ci="16" mb="1" cb="1"/><line nr="115" mi="0" ci="4" mb="0" cb="2"/><line nr="116" mi="0" ci="2" mb="0" cb="0"/><line nr="117" mi="0" ci="1" mb="0" cb="0"/><line nr="121" mi="0" ci="1" mb="0" cb="0"/><line nr="122" mi="0" ci="16" mb="0" cb="2"/><line nr="123" mi="0" ci="4" mb="0" cb="2"/><line nr="124" mi="0" ci="2" mb="0" cb="0"/><line nr="125" mi="0" ci="1" mb="0" cb="0"/><line nr="129" mi="0" ci="2" mb="0" cb="2"/><line nr="130" mi="0" ci="3" mb="0" cb="0"/><line nr="131" mi="0" ci="1" mb="0" cb="0"/><line nr="136" mi="0" ci="5" mb="0" cb="0"/><line nr="137" mi="0" ci="5" mb="0" cb="0"/><line nr="138" mi="0" ci="5" mb="0" cb="0"/><line nr="139" mi="0" ci="5" mb="0" cb="0"/><line nr="141" mi="0" ci="8" mb="0" cb="0"/><line nr="142" mi="0" ci="8" mb="0" cb="0"/><line nr="143" mi="0" ci="8" mb="0" cb="0"/><line nr="144" mi="0" ci="8" mb="0" cb="0"/><line nr="147" mi="0" ci="2" mb="0" cb="0"/><line nr="148" mi="0" ci="5" mb="1" cb="1"/><line nr="149" mi="0" ci="3" mb="0" cb="2"/><line nr="150" mi="0" ci="3" mb="0" cb="0"/><line nr="151" mi="0" ci="3" mb="0" cb="2"/><line nr="152" mi="0" ci="3" mb="0" cb="0"/><line nr="153" mi="0" ci="3" mb="0" cb="2"/><line nr="154" mi="0" ci="3" mb="0" cb="0"/><line nr="155" mi="0" ci="3" mb="0" cb="2"/><line nr="156" mi="0" ci="3" mb="0" cb="0"/><line nr="157" mi="0" ci="3" mb="0" cb="2"/><line nr="158" mi="0" ci="3" mb="0" cb="0"/><line nr="159" mi="0" ci="3" mb="0" cb="2"/><line nr="160" mi="0" ci="3" mb="0" cb="0"/><line nr="162" mi="0" ci="2" mb="0" cb="0"/><line nr="164" mi="0" ci="2" mb="0" cb="0"/><line nr="165" mi="0" ci="2" mb="0" cb="2"/><line nr="167" mi="0" ci="2" mb="0" cb="0"/><line nr="168" mi="0" ci="4" mb="0" cb="0"/><line nr="169" mi="0" ci="5" mb="0" cb="2"/><line nr="170" mi="0" ci="4" mb="0" cb="0"/><line nr="171" mi="0" ci="4" mb="0" cb="0"/><line nr="172" mi="0" ci="4" mb="0" cb="0"/><line nr="173" mi="0" ci="4" mb="0" cb="0"/><line nr="174" mi="0" ci="5" mb="0" cb="0"/><line nr="176" mi="0" ci="6" mb="0" cb="2"/><line nr="177" mi="0" ci="6" mb="0" cb="0"/><line nr="178" mi="0" ci="16" mb="0" cb="2"/><line nr="179" mi="0" ci="18" mb="1" cb="11"/><line nr="180" mi="0" ci="4" mb="0" cb="0"/><line nr="181" mi="0" ci="1" mb="0" cb="0"/><line nr="183" mi="0" ci="1" mb="0" cb="0"/><line nr="184" mi="0" ci="20" mb="2" cb="10"/><line nr="185" mi="0" ci="4" mb="0" cb="0"/><line nr="187" mi="0" ci="1" mb="0" cb="0"/><line nr="193" mi="0" ci="4" mb="0" cb="0"/><line nr="194" mi="0" ci="2" mb="0" cb="0"/><line nr="195" mi="0" ci="2" mb="0" cb="0"/><line nr="196" mi="0" ci="2" mb="0" cb="0"/><line nr="197" mi="0" ci="5" mb="0" cb="2"/><line nr="198" mi="0" ci="4" mb="0" cb="0"/><line nr="199" mi="0" ci="4" mb="0" cb="0"/><line nr="200" mi="0" ci="6" mb="0" cb="0"/><line nr="201" mi="0" ci="6" mb="0" cb="0"/><line nr="202" mi="0" ci="10" mb="0" cb="2"/><line nr="203" mi="0" ci="4" mb="0" cb="2"/><line nr="204" mi="0" ci="2" mb="0" cb="2"/><line nr="205" mi="0" ci="8" mb="0" cb="0"/><line nr="206" mi="0" ci="8" mb="0" cb="0"/><line nr="207" mi="0" ci="6" mb="0" cb="0"/><line nr="208" mi="0" ci="10" mb="0" cb="0"/><line nr="209" mi="0" ci="1" mb="0" cb="0"/><line nr="210" mi="0" ci="1" mb="0" cb="0"/><line nr="211" mi="0" ci="1" mb="0" cb="0"/><line nr="213" mi="0" ci="7" mb="1" cb="1"/><line nr="214" mi="0" ci="10" mb="0" cb="2"/><line nr="215" mi="0" ci="11" mb="0" cb="0"/><line nr="216" mi="0" ci="9" mb="0" cb="0"/><line nr="217" mi="0" ci="16" mb="0" cb="0"/><line nr="218" mi="0" ci="1" mb="0" cb="0"/><line nr="219" mi="0" ci="1" mb="0" cb="0"/><line nr="221" mi="0" ci="5" mb="0" cb="2"/><line nr="222" mi="0" ci="8" mb="0" cb="0"/><line nr="223" mi="0" ci="8" mb="0" cb="0"/><line nr="224" mi="0" ci="6" mb="0" cb="0"/><line nr="225" mi="0" ci="16" mb="0" cb="0"/><line nr="226" mi="0" ci="1" mb="0" cb="0"/><line nr="227" mi="0" ci="1" mb="0" cb="0"/><line nr="228" mi="0" ci="1" mb="0" cb="0"/><line nr="233" mi="0" ci="1" mb="0" cb="0"/><line nr="234" mi="0" ci="1" mb="0" cb="0"/><line nr="237" mi="0" ci="3" mb="0" cb="2"/><line nr="238" mi="0" ci="2" mb="0" cb="0"/><line nr="239" mi="0" ci="2" mb="0" cb="0"/><line nr="240" mi="0" ci="8" mb="0" cb="0"/><line nr="241" mi="0" ci="8" mb="0" cb="0"/><line nr="242" mi="0" ci="1" mb="0" cb="0"/><line nr="244" mi="0" ci="2" mb="0" cb="0"/><line nr="247" mi="0" ci="8" mb="0" cb="0"/><line nr="249" mi="0" ci="8" mb="0" cb="2"/><line nr="250" mi="0" ci="8" mb="0" cb="0"/><line nr="253" mi="0" ci="8" mb="0" cb="0"/><line nr="257" mi="0" ci="2" mb="0" cb="0"/><line nr="258" mi="0" ci="4" mb="0" cb="0"/><line nr="259" mi="0" ci="2" mb="0" cb="0"/><line nr="261" mi="0" ci="6" mb="1" cb="3"/><line nr="263" mi="0" ci="4" mb="0" cb="2"/><line nr="264" mi="0" ci="8" mb="1" cb="1"/><line nr="265" mi="0" ci="2" mb="0" cb="0"/><line nr="266" mi="0" ci="3" mb="0" cb="2"/><line nr="267" mi="0" ci="1" mb="0" cb="0"/><line nr="268" mi="0" ci="5" mb="0" cb="2"/><line nr="269" mi="0" ci="2" mb="0" cb="0"/><line nr="270" mi="0" ci="2" mb="0" cb="0"/><line nr="271" mi="0" ci="4" mb="0" cb="0"/><line nr="272" mi="0" ci="6" mb="0" cb="0"/><line nr="273" mi="0" ci="4" mb="0" cb="0"/><line nr="274" mi="0" ci="4" mb="0" cb="0"/><line nr="275" mi="0" ci="4" mb="0" cb="0"/><line nr="276" mi="0" ci="4" mb="0" cb="0"/><line nr="277" mi="0" ci="16" mb="0" cb="2"/><line nr="278" mi="0" ci="16" mb="0" cb="2"/><line nr="279" mi="0" ci="4" mb="0" cb="2"/><line nr="280" mi="0" ci="9" mb="0" cb="2"/><line nr="281" mi="0" ci="11" mb="0" cb="2"/><line nr="282" mi="0" ci="8" mb="0" cb="0"/><line nr="283" mi="0" ci="6" mb="0" cb="0"/><line nr="284" mi="0" ci="1" mb="0" cb="0"/><line nr="285" mi="0" ci="2" mb="0" cb="0"/><line nr="286" mi="0" ci="2" mb="0" cb="0"/><line nr="287" mi="0" ci="1" mb="0" cb="0"/><line nr="292" mi="0" ci="2" mb="0" cb="2"/><line nr="293" mi="0" ci="1" mb="0" cb="0"/><line nr="295" mi="0" ci="2" mb="0" cb="2"/><line nr="296" mi="0" ci="1" mb="0" cb="0"/><line nr="297" mi="0" ci="1" mb="0" cb="0"/><line nr="298" mi="0" ci="8" mb="0" cb="0"/><line nr="301" mi="0" ci="8" mb="1" cb="1"/><line nr="302" mi="0" ci="2" mb="0" cb="0"/><line nr="303" mi="0" ci="3" mb="0" cb="2"/><line nr="304" mi="0" ci="1" mb="0" cb="0"/><line nr="305" mi="0" ci="5" mb="0" cb="2"/><line nr="306" mi="0" ci="2" mb="0" cb="0"/><line nr="307" mi="0" ci="4" mb="0" cb="0"/><line nr="308" mi="0" ci="6" mb="0" cb="0"/><line nr="309" mi="0" ci="4" mb="0" cb="0"/><line nr="310" mi="0" ci="4" mb="0" cb="0"/><line nr="311" mi="0" ci="4" mb="0" cb="0"/><line nr="312" mi="0" ci="16" mb="0" cb="2"/><line nr="313" mi="0" ci="4" mb="0" cb="2"/><line nr="314" mi="0" ci="9" mb="0" cb="2"/><line nr="315" mi="0" ci="11" mb="0" cb="2"/><line nr="316" mi="0" ci="8" mb="0" cb="0"/><line nr="317" mi="0" ci="6" mb="0" cb="0"/><line nr="318" mi="0" ci="1" mb="0" cb="0"/><line nr="319" mi="0" ci="2" mb="0" cb="0"/><line nr="320" mi="0" ci="1" mb="0" cb="0"/><line nr="325" mi="0" ci="2" mb="0" cb="2"/><line nr="326" mi="0" ci="1" mb="0" cb="0"/><line nr="327" mi="0" ci="1" mb="0" cb="0"/><line nr="328" mi="0" ci="8" mb="0" cb="0"/><line nr="332" mi="0" ci="7" mb="1" cb="1"/><line nr="333" mi="0" ci="3" mb="0" cb="2"/><line nr="334" mi="0" ci="1" mb="0" cb="0"/><line nr="335" mi="0" ci="11" mb="0" cb="2"/><line nr="336" mi="0" ci="7" mb="0" cb="0"/><line nr="337" mi="0" ci="7" mb="0" cb="0"/><line nr="338" mi="0" ci="1" mb="0" cb="0"/><line nr="341" mi="0" ci="5" mb="0" cb="2"/><line nr="342" mi="0" ci="4" mb="0" cb="0"/><line nr="343" mi="0" ci="6" mb="0" cb="0"/><line nr="344" mi="0" ci="4" mb="0" cb="0"/><line nr="345" mi="0" ci="7" mb="0" cb="2"/><line nr="346" mi="0" ci="9" mb="0" cb="2"/><line nr="347" mi="0" ci="6" mb="0" cb="0"/><line nr="348" mi="0" ci="1" mb="0" cb="0"/><line nr="351" mi="0" ci="1" mb="0" cb="0"/><line nr="354" mi="0" ci="2" mb="0" cb="0"/><line nr="355" mi="0" ci="3" mb="0" cb="0"/><line nr="356" mi="0" ci="5" mb="0" cb="2"/><line nr="357" mi="0" ci="4" mb="0" cb="0"/><line nr="358" mi="0" ci="6" mb="0" cb="0"/><line nr="359" mi="0" ci="4" mb="0" cb="0"/><line nr="360" mi="0" ci="7" mb="0" cb="2"/><line nr="361" mi="0" ci="9" mb="0" cb="2"/><line nr="362" mi="0" ci="4" mb="0" cb="0"/><line nr="363" mi="0" ci="1" mb="0" cb="0"/><line nr="366" mi="0" ci="1" mb="0" cb="0"/><line nr="368" mi="0" ci="7" mb="0" cb="2"/><line nr="369" mi="0" ci="18" mb="0" cb="0"/><line nr="370" mi="0" ci="1" mb="0" cb="0"/><line nr="372" mi="0" ci="2" mb="0" cb="0"/><line nr="373" mi="0" ci="2" mb="0" cb="0"/><line nr="374" mi="0" ci="2" mb="0" cb="0"/><line nr="375" mi="0" ci="2" mb="0" cb="0"/><line nr="377" mi="1" ci="0" mb="0" cb="0"/><line nr="378" mi="3" ci="0" mb="0" cb="0"/><line nr="379" mi="1" ci="0" mb="0" cb="0"/><line nr="380" mi="3" ci="0" mb="0" cb="0"/><line nr="381" mi="1" ci="0" mb="0" cb="0"/><line nr="382" mi="3" ci="0" mb="0" cb="0"/><line nr="383" mi="2" ci="1" mb="0" cb="0"/><line nr="384" mi="0" ci="1" mb="0" cb="0"/><counter type="INSTRUCTION" missed="14" covered="1306"/><counter type="BRANCH" missed="14" covered="170"/><counter type="LINE" missed="6" covered="255"/><counter type="COMPLEXITY" missed="14" covered="83"/><counter type="METHOD" missed="0" covered="5"/><counter type="CLASS" missed="0" covered="2"/></sourcefile><counter type="INSTRUCTION" missed="14" covered="1306"/><counter type="BRANCH" missed="14" covered="170"/><counter type="LINE" missed="6" covered="255"/><counter type="COMPLEXITY" missed="14" covered="83"/><counter type="METHOD" missed="0" covered="5"/><counter type="CLASS" missed="0" covered="2"/></package><package name="project1"><class name="project1/App" sourcefilename="App.java"><method name="&lt;init&gt;" desc="()V" line="7"><counter type="INSTRUCTION" missed="3" covered="0"/><counter type="LINE" missed="1" covered="0"/><counter type="COMPLEXITY" missed="1" covered="0"/><counter type="METHOD" missed="1" covered="0"/></method><method name="main" desc="([Ljava/lang/String;)V" line="11"><counter type="INSTRUCTION" missed="4" covered="0"/><counter type="LINE" missed="2" covered="0"/><counter type="COMPLEXITY" missed="1" covered="0"/><counter type="METHOD" missed="1" covered="0"/></method><counter type="INSTRUCTION" missed="7" covered="0"/><counter type="LINE" missed="3" covered="0"/><counter type="COMPLEXITY" missed="2" covered="0"/><counter type="METHOD" missed="2" covered="0"/><counter type="CLASS" missed="1" covered="0"/></class><class name="project1/ReadData" sourcefilename="ReadData.java"><method name="&lt;init&gt;" desc="()V" line="10"><counter type="INSTRUCTION" missed="3" covered="0"/><counter type="LINE" missed="1" covered="0"/><counter type="COMPLEXITY" missed="1" covered="0"/><counter type="METHOD" missed="1" covered="0"/></method><method name="main" desc="([Ljava/lang/String;)V" line="21"><counter type="INSTRUCTION" missed="355" covered="0"/><counter type="BRANCH" missed="40" covered="0"/><counter type="LINE" missed="78" covered="0"/><counter type="COMPLEXITY" missed="21" covered="0"/><counter type="METHOD" missed="1" covered="0"/></method><method name="&lt;clinit&gt;" desc="()V" line="12"><counter type="INSTRUCTION" missed="88" covered="0"/><counter type="LINE" missed="1" covered="0"/><counter type="COMPLEXITY" missed="1" covered="0"/><counter type="METHOD" missed="1" covered="0"/></method><counter type="INSTRUCTION" missed="446" covered="0"/><counter type="BRANCH" missed="40" covered="0"/><counter type="LINE" missed="80" covered="0"/><counter type="COMPLEXITY" missed="23" covered="0"/><counter type="METHOD" missed="3" covered="0"/><counter type="CLASS" missed="1" covered="0"/></class><class name="project1/Test" sourcefilename="Test.java"><method name="&lt;init&gt;" desc="()V" line="4"><counter type="INSTRUCTION" missed="3" covered="0"/><counter type="LINE" missed="1" covered="0"/><counter type="COMPLEXITY" missed="1" covered="0"/><counter type="METHOD" missed="1" covered="0"/></method><method name="main" desc="([Ljava/lang/String;)V" line="7"><counter type="INSTRUCTION" missed="27" covered="0"/><counter type="LINE" missed="8" covered="0"/><counter type="COMPLEXITY" missed="1" covered="0"/><counter type="METHOD" missed="1" covered="0"/></method><counter type="INSTRUCTION" missed="30" covered="0"/><counter type="LINE" missed="9" covered="0"/><counter type="COMPLEXITY" missed="2" covered="0"/><counter type="METHOD" missed="2" covered="0"/><counter type="CLASS" missed="1" covered="0"/></class><sourcefile name="App.java"><line nr="7" mi="3" ci="0" mb="0" cb="0"/><line nr="11" mi="3" ci="0" mb="0" cb="0"/><line nr="12" mi="1" ci="0" mb="0" cb="0"/><counter type="INSTRUCTION" missed="7" covered="0"/><counter type="LINE" missed="3" covered="0"/><counter type="COMPLEXITY" missed="2" covered="0"/><counter type="METHOD" missed="2" covered="0"/><counter type="CLASS" missed="1" covered="0"/></sourcefile><sourcefile name="Test.java"><line nr="4" mi="3" ci="0" mb="0" cb="0"/><line nr="7" mi="5" ci="0" mb="0" cb="0"/><line nr="8" mi="3" ci="0" mb="0" cb="0"/><line nr="9" mi="4" ci="0" mb="0" cb="0"/><line nr="10" mi="4" ci="0" mb="0" cb="0"/><line nr="11" mi="4" ci="0" mb="0" cb="0"/><line nr="12" mi="3" ci="0" mb="0" cb="0"/><line nr="13" mi="3" ci="0" mb="0" cb="0"/><line nr="14" mi="1" ci="0" mb="0" cb="0"/><counter type="INSTRUCTION" missed="30" covered="0"/><counter type="LINE" missed="9" covered="0"/><counter type="COMPLEXITY" missed="2" covered="0"/><counter type="METHOD" missed="2" covered="0"/><counter type="CLASS" missed="1" covered="0"/></sourcefile><sourcefile name="ReadData.java"><line nr="10" mi="3" ci="0" mb="0" cb="0"/><line nr="12" mi="88" ci="0" mb="0" cb="0"/><line nr="21" mi="4" ci="0" mb="0" cb="0"/><line nr="22" mi="4" ci="0" mb="0" cb="0"/><line nr="23" mi="3" ci="0" mb="0" cb="0"/><line nr="24" mi="3" ci="0" mb="0" cb="0"/><line nr="30" mi="5" ci="0" mb="0" cb="0"/><line nr="31" mi="5" ci="0" mb="0" cb="0"/><line nr="32" mi="5" ci="0" mb="0" cb="0"/><line nr="34" mi="8" ci="0" mb="0" cb="0"/><line nr="35" mi="8" ci="0" mb="0" cb="0"/><line nr="36" mi="8" ci="0" mb="0" cb="0"/><line nr="40" mi="2" ci="0" mb="0" cb="0"/><line nr="41" mi="4" ci="0" mb="0" cb="0"/><line nr="43" mi="5" ci="0" mb="2" cb="0"/><line nr="44" mi="4" ci="0" mb="0" cb="0"/><line nr="45" mi="4" ci="0" mb="0" cb="0"/><line nr="46" mi="4" ci="0" mb="0" cb="0"/><line nr="48" mi="4" ci="0" mb="2" cb="0"/><line nr="49" mi="4" ci="0" mb="0" cb="0"/><line nr="50" mi="2" ci="0" mb="0" cb="0"/><line nr="51" mi="16" ci="0" mb="2" cb="0"/><line nr="52" mi="2" ci="0" mb="0" cb="0"/><line nr="53" mi="16" ci="0" mb="2" cb="0"/><line nr="54" mi="4" ci="0" mb="2" cb="0"/><line nr="55" mi="2" ci="0" mb="0" cb="0"/><line nr="56" mi="1" ci="0" mb="0" cb="0"/><line nr="59" mi="2" ci="0" mb="2" cb="0"/><line nr="60" mi="1" ci="0" mb="0" cb="0"/><line nr="62" mi="2" ci="0" mb="2" cb="0"/><line nr="63" mi="4" ci="0" mb="0" cb="0"/><line nr="64" mi="4" ci="0" mb="0" cb="0"/><line nr="66" mi="1" ci="0" mb="0" cb="0"/><line nr="67" mi="16" ci="0" mb="2" cb="0"/><line nr="68" mi="4" ci="0" mb="2" cb="0"/><line nr="69" mi="4" ci="0" mb="0" cb="0"/><line nr="70" mi="4" ci="0" mb="0" cb="0"/><line nr="71" mi="1" ci="0" mb="0" cb="0"/><line nr="75" mi="1" ci="0" mb="0" cb="0"/><line nr="80" mi="2" ci="0" mb="0" cb="0"/><line nr="81" mi="4" ci="0" mb="0" cb="0"/><line nr="83" mi="5" ci="0" mb="2" cb="0"/><line nr="84" mi="4" ci="0" mb="0" cb="0"/><line nr="85" mi="4" ci="0" mb="0" cb="0"/><line nr="86" mi="5" ci="0" mb="0" cb="0"/><line nr="88" mi="6" ci="0" mb="2" cb="0"/><line nr="89" mi="6" ci="0" mb="0" cb="0"/><line nr="90" mi="16" ci="0" mb="2" cb="0"/><line nr="91" mi="4" ci="0" mb="2" cb="0"/><line nr="92" mi="4" ci="0" mb="0" cb="0"/><line nr="94" mi="1" ci="0" mb="0" cb="0"/><line nr="95" mi="6" ci="0" mb="2" cb="0"/><line nr="96" mi="4" ci="0" mb="0" cb="0"/><line nr="100" mi="6" ci="0" mb="2" cb="0"/><line nr="101" mi="4" ci="0" mb="0" cb="0"/><line nr="102" mi="1" ci="0" mb="0" cb="0"/><line nr="105" mi="2" ci="0" mb="0" cb="0"/><line nr="106" mi="2" ci="0" mb="0" cb="0"/><line nr="108" mi="2" ci="0" mb="0" cb="0"/><line nr="109" mi="5" ci="0" mb="2" cb="0"/><line nr="110" mi="4" ci="0" mb="0" cb="0"/><line nr="111" mi="12" ci="0" mb="4" cb="0"/><line nr="113" mi="7" ci="0" mb="0" cb="0"/><line nr="114" mi="4" ci="0" mb="0" cb="0"/><line nr="116" mi="1" ci="0" mb="0" cb="0"/><line nr="118" mi="10" ci="0" mb="0" cb="0"/><line nr="119" mi="10" ci="0" mb="0" cb="0"/><line nr="120" mi="4" ci="0" mb="0" cb="0"/><line nr="121" mi="8" ci="0" mb="4" cb="0"/><line nr="122" mi="4" ci="0" mb="0" cb="0"/><line nr="124" mi="10" ci="0" mb="0" cb="0"/><line nr="127" mi="2" ci="0" mb="0" cb="0"/><line nr="128" mi="2" ci="0" mb="0" cb="0"/><line nr="129" mi="2" ci="0" mb="0" cb="0"/><line nr="130" mi="1" ci="0" mb="0" cb="0"/><line nr="131" mi="3" ci="0" mb="0" cb="0"/><line nr="132" mi="1" ci="0" mb="0" cb="0"/><line nr="133" mi="3" ci="0" mb="0" cb="0"/><line nr="134" mi="2" ci="0" mb="0" cb="0"/><line nr="135" mi="1" ci="0" mb="0" cb="0"/><counter type="INSTRUCTION" missed="446" covered="0"/><counter type="BRANCH" missed="40" covered="0"/><counter type="LINE" missed="80" covered="0"/><counter type="COMPLEXITY" missed="23" covered="0"/><counter type="METHOD" missed="3" covered="0"/><counter type="CLASS" missed="1" covered="0"/></sourcefile><counter type="INSTRUCTION" missed="483" covered="0"/><counter type="BRANCH" missed="40" covered="0"/><counter type="LINE" missed="92" covered="0"/><counter type="COMPLEXITY" missed="27" covered="0"/><counter type="METHOD" missed="7" covered="0"/><counter type="CLASS" missed="3" covered="0"/></package><counter type="INSTRUCTION" missed="497" covered="1306"/><counter type="BRANCH" missed="54" covered="170"/><counter type="LINE" missed="98" covered="255"/><counter type="COMPLEXITY" missed="41" covered="83"/><counter type="METHOD" missed="7" covered="5"/><counter type="CLASS" missed="3" covered="2"/></report>